
> abhishek-gaud-portfolio@0.0.1 build
> tsc -b && vite build

src/components/Certificate.tsx(56,27): error TS2339: Property 'issuer' does not exist on type 'CertificateImage'.
src/components/Certificate.tsx(56,77): error TS2339: Property 'issuer' does not exist on type 'CertificateImage'.
src/components/Certificate.tsx(57,27): error TS2339: Property 'date' does not exist on type 'CertificateImage'.
src/components/Certificate.tsx(57,73): error TS2339: Property 'date' does not exist on type 'CertificateImage'.
src/components/projects/visionOS/VisionOSProjectsCarousel.tsx(17,41): error TS2304: Cannot find name 'useState'.
src/components/projects/visionOS/VisionOSProjectsCarousel.tsx(29,23): error TS7006: Parameter 'prev' implicitly has an 'any' type.
src/components/projects/visionOS/VisionOSProjectsCarousel.tsx(31,23): error TS7006: Parameter 'prev' implicitly has an 'any' type.
